<?xml version="1.0" encoding="UTF-8"?>
<!-- Generated by org.testng.reporters.JUnitReportReporter -->
<testsuite hostname="MBP-de-Filipe" failures="0" tests="1" name="com.herokuapp.restfulbooker.HealthCheckTest" time="5.399" errors="0" timestamp="2020-08-04T07:51:00 BRT" skipped="0">
  <testcase classname="com.herokuapp.restfulbooker.HealthCheckTest" name="headersAndCookiesTest" time="5.399"/>
  <system-out/>
</testsuite> <!-- com.herokuapp.restfulbooker.HealthCheckTest -->
