<?xml version="1.0" encoding="UTF-8"?>
<!-- Generated by org.testng.reporters.JUnitReportReporter -->
<testsuite hostname="MBP-de-Filipe" failures="0" tests="1" name="com.herokuapp.restfulbooker.CreateBookingTests" time="6.002" errors="0" timestamp="2020-07-29T18:42:00 BRT" skipped="0">
  <testcase classname="com.herokuapp.restfulbooker.CreateBookingTests" name="createBookingTest" time="6.002"/>
  <system-out/>
</testsuite> <!-- com.herokuapp.restfulbooker.CreateBookingTests -->
