<?xml version="1.0" encoding="UTF-8"?>
<!-- Generated by org.testng.reporters.JUnitReportReporter -->
<testsuite hostname="MBP-de-Filipe" failures="0" tests="1" name="com.herokuapp.restfulbooker.GetBookingTests" time="4.950" errors="0" timestamp="2020-08-03T19:44:53 BRT" skipped="0">
  <testcase classname="com.herokuapp.restfulbooker.GetBookingTests" name="getBookingTest" time="4.950"/>
  <system-out/>
</testsuite> <!-- com.herokuapp.restfulbooker.GetBookingTests -->
