<?xml version="1.0" encoding="UTF-8"?>
<!-- Generated by org.testng.reporters.JUnitReportReporter -->
<testsuite hostname="MBP-de-Filipe" failures="0" tests="1" name="com.herokuapp.restfulbooker.CreateBookingTests" time="3.657" errors="0" timestamp="2020-08-04T22:30:10 BRT" skipped="0">
  <testcase classname="com.herokuapp.restfulbooker.CreateBookingTests" name="createBookingWithPOJOTest" time="3.657"/>
  <system-out/>
</testsuite> <!-- com.herokuapp.restfulbooker.CreateBookingTests -->
