<?xml version="1.0" encoding="UTF-8"?>
<!-- Generated by org.testng.reporters.JUnitReportReporter -->
<testsuite hostname="MBP-de-Filipe" failures="0" tests="1" name="com.herokuapp.restfulbooker.GetBookingIdsTests" time="3.122" errors="0" timestamp="2020-08-03T20:01:25 BRT" skipped="0">
  <testcase classname="com.herokuapp.restfulbooker.GetBookingIdsTests" name="getBookingIdsWithFiltersTests" time="3.122"/>
  <system-out/>
</testsuite> <!-- com.herokuapp.restfulbooker.GetBookingIdsTests -->
