<?xml version="1.0" encoding="UTF-8"?>
<!-- Generated by org.testng.reporters.JUnitReportReporter -->
<testsuite hostname="MBP-de-Filipe" failures="0" tests="1" name="com.herokuapp.restfulbooker.PartialUpdateBookingTests" time="8.195" errors="0" timestamp="2020-07-31T08:22:21 BRT" skipped="0">
  <testcase classname="com.herokuapp.restfulbooker.PartialUpdateBookingTests" name="partialUpdateBookingTest" time="8.195"/>
  <system-out/>
</testsuite> <!-- com.herokuapp.restfulbooker.PartialUpdateBookingTests -->
