<?xml version="1.0" encoding="UTF-8"?>
<!-- Generated by org.testng.reporters.JUnitReportReporter -->
<testsuite hostname="MBP-de-Filipe" failures="0" tests="1" name="com.herokuapp.restfulbooker.GetBookingTests" time="7.945" errors="0" timestamp="2020-08-04T08:02:05 BRT" skipped="0">
  <testcase classname="com.herokuapp.restfulbooker.GetBookingTests" name="getBookingXMLTest" time="7.945"/>
  <system-out/>
</testsuite> <!-- com.herokuapp.restfulbooker.GetBookingTests -->
