<?xml version="1.0" encoding="UTF-8"?>
<!-- Generated by org.testng.reporters.JUnitReportReporter -->
<testsuite hostname="MBP-de-Filipe" failures="0" tests="1" name="com.herokuapp.restfulbooker.GetBookingIdsTest" time="6.397" errors="0" timestamp="2020-07-27T22:25:34 BRT" skipped="0">
  <testcase classname="com.herokuapp.restfulbooker.GetBookingIdsTest" name="getBookingIdsTest" time="6.397"/>
  <system-out/>
</testsuite> <!-- com.herokuapp.restfulbooker.GetBookingIdsTest -->
