<?xml version="1.0" encoding="UTF-8"?>
<!-- Generated by org.testng.reporters.JUnitReportReporter -->
<testsuite hostname="MBP-de-Filipe" failures="0" tests="1" name="com.herokuapp.restfulbooker.UpdateBookingTests" time="5.340" errors="0" timestamp="2020-07-30T08:48:42 BRT" skipped="0">
  <testcase classname="com.herokuapp.restfulbooker.UpdateBookingTests" name="updateBookingTest" time="5.340"/>
  <system-out/>
</testsuite> <!-- com.herokuapp.restfulbooker.UpdateBookingTests -->
